[07:08:44] [main/INFO] [GradleStart]: Extra: []
[07:08:44] [main/INFO] [GradleStart]: Running with arguments: [--userProperties, {}, --assetsDir, /home/kpatel/.gradle/caches/minecraft/assets, --assetIndex, 1.7.10, --accessToken, {REDACTED}, --version, 1.7.10, --tweakClass, cpw.mods.fml.common.launcher.FMLTweaker, --tweakClass, net.minecraftforge.gradle.GradleStartCommon$GradleStartTweaker]
[07:08:44] [main/INFO] [LaunchWrapper]: Loading tweak class name cpw.mods.fml.common.launcher.FMLTweaker
[07:08:44] [main/INFO] [LaunchWrapper]: Using primary tweak class name cpw.mods.fml.common.launcher.FMLTweaker
[07:08:44] [main/INFO] [LaunchWrapper]: Loading tweak class name net.minecraftforge.gradle.GradleStartCommon$GradleStartTweaker
[07:08:44] [main/INFO] [LaunchWrapper]: Calling tweak class cpw.mods.fml.common.launcher.FMLTweaker
[07:15:15] [main/INFO] [GradleStart]: Extra: []
[07:15:15] [main/INFO] [GradleStart]: Running with arguments: [--userProperties, {}, --assetsDir, /home/kpatel/.gradle/caches/minecraft/assets, --assetIndex, 1.7.10, --accessToken, {REDACTED}, --version, 1.7.10, --tweakClass, cpw.mods.fml.common.launcher.FMLTweaker, --tweakClass, net.minecraftforge.gradle.GradleStartCommon$GradleStartTweaker]
[07:15:15] [main/INFO] [LaunchWrapper]: Loading tweak class name cpw.mods.fml.common.launcher.FMLTweaker
[07:15:16] [main/INFO] [LaunchWrapper]: Using primary tweak class name cpw.mods.fml.common.launcher.FMLTweaker
[07:15:16] [main/INFO] [LaunchWrapper]: Loading tweak class name net.minecraftforge.gradle.GradleStartCommon$GradleStartTweaker
[07:15:16] [main/INFO] [LaunchWrapper]: Calling tweak class cpw.mods.fml.common.launcher.FMLTweaker
[07:19:02] [main/INFO] [GradleStart]: Extra: []
[07:19:02] [main/INFO] [GradleStart]: Running with arguments: [--userProperties, {}, --assetsDir, /home/kpatel/.gradle/caches/minecraft/assets, --assetIndex, 1.7.10, --accessToken, {REDACTED}, --version, 1.7.10, --tweakClass, cpw.mods.fml.common.launcher.FMLTweaker, --tweakClass, net.minecraftforge.gradle.GradleStartCommon$GradleStartTweaker]
[07:19:02] [main/INFO] [LaunchWrapper]: Loading tweak class name cpw.mods.fml.common.launcher.FMLTweaker
[07:19:02] [main/INFO] [LaunchWrapper]: Using primary tweak class name cpw.mods.fml.common.launcher.FMLTweaker
[07:19:02] [main/INFO] [LaunchWrapper]: Loading tweak class name net.minecraftforge.gradle.GradleStartCommon$GradleStartTweaker
[07:19:02] [main/INFO] [LaunchWrapper]: Calling tweak class cpw.mods.fml.common.launcher.FMLTweaker
[03:09:15] [main/INFO] [GradleStart]: Extra: []
[03:09:16] [main/INFO] [GradleStart]: Running with arguments: [--userProperties, {}, --assetsDir, /home/kpatel/.gradle/caches/minecraft/assets, --assetIndex, 1.7.10, --accessToken, {REDACTED}, --version, 1.7.10, --tweakClass, cpw.mods.fml.common.launcher.FMLTweaker, --tweakClass, net.minecraftforge.gradle.GradleStartCommon$GradleStartTweaker]
[03:09:16] [main/INFO] [LaunchWrapper]: Loading tweak class name cpw.mods.fml.common.launcher.FMLTweaker
[03:09:16] [main/INFO] [LaunchWrapper]: Using primary tweak class name cpw.mods.fml.common.launcher.FMLTweaker
[03:09:16] [main/INFO] [LaunchWrapper]: Loading tweak class name net.minecraftforge.gradle.GradleStartCommon$GradleStartTweaker
[03:09:16] [main/INFO] [LaunchWrapper]: Calling tweak class cpw.mods.fml.common.launcher.FMLTweaker
[03:11:08] [main/INFO] [GradleStart]: Extra: []
[03:11:09] [main/INFO] [GradleStart]: Running with arguments: [--userProperties, {}, --assetsDir, /home/kpatel/.gradle/caches/minecraft/assets, --assetIndex, 1.7.10, --accessToken, {REDACTED}, --version, 1.7.10, --tweakClass, cpw.mods.fml.common.launcher.FMLTweaker, --tweakClass, net.minecraftforge.gradle.GradleStartCommon$GradleStartTweaker]
[03:11:09] [main/INFO] [LaunchWrapper]: Loading tweak class name cpw.mods.fml.common.launcher.FMLTweaker
[03:11:09] [main/INFO] [LaunchWrapper]: Using primary tweak class name cpw.mods.fml.common.launcher.FMLTweaker
[03:11:09] [main/INFO] [LaunchWrapper]: Loading tweak class name net.minecraftforge.gradle.GradleStartCommon$GradleStartTweaker
[03:11:09] [main/INFO] [LaunchWrapper]: Calling tweak class cpw.mods.fml.common.launcher.FMLTweaker
[03:16:17] [main/INFO] [GradleStart]: Extra: []
[03:16:17] [main/INFO] [GradleStart]: Running with arguments: [--userProperties, {}, --assetsDir, /home/kpatel/.gradle/caches/minecraft/assets, --assetIndex, 1.7.10, --accessToken, {REDACTED}, --version, 1.7.10, --tweakClass, cpw.mods.fml.common.launcher.FMLTweaker, --tweakClass, net.minecraftforge.gradle.GradleStartCommon$GradleStartTweaker]
[03:16:17] [main/INFO] [LaunchWrapper]: Loading tweak class name cpw.mods.fml.common.launcher.FMLTweaker
[03:16:17] [main/INFO] [LaunchWrapper]: Using primary tweak class name cpw.mods.fml.common.launcher.FMLTweaker
[03:16:17] [main/INFO] [LaunchWrapper]: Loading tweak class name net.minecraftforge.gradle.GradleStartCommon$GradleStartTweaker
[03:16:17] [main/INFO] [LaunchWrapper]: Calling tweak class cpw.mods.fml.common.launcher.FMLTweaker
[04:11:37] [main/INFO] [GradleStart]: Extra: []
[04:11:38] [main/INFO] [GradleStart]: Running with arguments: [--userProperties, {}, --assetsDir, /home/kpatel/.gradle/caches/minecraft/assets, --assetIndex, 1.7.10, --accessToken, {REDACTED}, --version, 1.7.10, --tweakClass, cpw.mods.fml.common.launcher.FMLTweaker, --tweakClass, net.minecraftforge.gradle.GradleStartCommon$GradleStartTweaker]
[04:11:38] [main/INFO] [LaunchWrapper]: Loading tweak class name cpw.mods.fml.common.launcher.FMLTweaker
[04:11:38] [main/INFO] [LaunchWrapper]: Using primary tweak class name cpw.mods.fml.common.launcher.FMLTweaker
[04:11:38] [main/INFO] [LaunchWrapper]: Loading tweak class name net.minecraftforge.gradle.GradleStartCommon$GradleStartTweaker
[04:11:38] [main/INFO] [LaunchWrapper]: Calling tweak class cpw.mods.fml.common.launcher.FMLTweaker
[04:14:25] [main/INFO] [GradleStart]: Extra: []
[04:14:25] [main/INFO] [GradleStart]: Running with arguments: [--userProperties, {}, --assetsDir, /home/kpatel/.gradle/caches/minecraft/assets, --assetIndex, 1.7.10, --accessToken, {REDACTED}, --version, 1.7.10, --tweakClass, cpw.mods.fml.common.launcher.FMLTweaker, --tweakClass, net.minecraftforge.gradle.GradleStartCommon$GradleStartTweaker]
[04:14:25] [main/INFO] [LaunchWrapper]: Loading tweak class name cpw.mods.fml.common.launcher.FMLTweaker
[04:14:25] [main/INFO] [LaunchWrapper]: Using primary tweak class name cpw.mods.fml.common.launcher.FMLTweaker
[04:14:25] [main/INFO] [LaunchWrapper]: Loading tweak class name net.minecraftforge.gradle.GradleStartCommon$GradleStartTweaker
[04:14:25] [main/INFO] [LaunchWrapper]: Calling tweak class cpw.mods.fml.common.launcher.FMLTweaker
[04:16:51] [main/INFO] [GradleStart]: Extra: []
[04:16:51] [main/INFO] [GradleStart]: Running with arguments: [--userProperties, {}, --assetsDir, /home/kpatel/.gradle/caches/minecraft/assets, --assetIndex, 1.7.10, --accessToken, {REDACTED}, --version, 1.7.10, --tweakClass, cpw.mods.fml.common.launcher.FMLTweaker, --tweakClass, net.minecraftforge.gradle.GradleStartCommon$GradleStartTweaker]
[04:16:51] [main/INFO] [LaunchWrapper]: Loading tweak class name cpw.mods.fml.common.launcher.FMLTweaker
[04:16:51] [main/INFO] [LaunchWrapper]: Using primary tweak class name cpw.mods.fml.common.launcher.FMLTweaker
[04:16:51] [main/INFO] [LaunchWrapper]: Loading tweak class name net.minecraftforge.gradle.GradleStartCommon$GradleStartTweaker
[04:16:51] [main/INFO] [LaunchWrapper]: Calling tweak class cpw.mods.fml.common.launcher.FMLTweaker
[04:18:36] [main/INFO] [GradleStart]: Extra: []
[04:18:36] [main/INFO] [GradleStart]: Running with arguments: [--userProperties, {}, --assetsDir, /home/kpatel/.gradle/caches/minecraft/assets, --assetIndex, 1.7.10, --accessToken, {REDACTED}, --version, 1.7.10, --tweakClass, cpw.mods.fml.common.launcher.FMLTweaker, --tweakClass, net.minecraftforge.gradle.GradleStartCommon$GradleStartTweaker]
[04:18:36] [main/INFO] [LaunchWrapper]: Loading tweak class name cpw.mods.fml.common.launcher.FMLTweaker
[04:18:36] [main/INFO] [LaunchWrapper]: Using primary tweak class name cpw.mods.fml.common.launcher.FMLTweaker
[04:18:36] [main/INFO] [LaunchWrapper]: Loading tweak class name net.minecraftforge.gradle.GradleStartCommon$GradleStartTweaker
[04:18:36] [main/INFO] [LaunchWrapper]: Calling tweak class cpw.mods.fml.common.launcher.FMLTweaker
[04:23:30] [main/INFO] [GradleStart]: Extra: []
[04:23:30] [main/INFO] [GradleStart]: Running with arguments: [--userProperties, {}, --assetsDir, /home/kpatel/.gradle/caches/minecraft/assets, --assetIndex, 1.7.10, --accessToken, {REDACTED}, --version, 1.7.10, --tweakClass, cpw.mods.fml.common.launcher.FMLTweaker, --tweakClass, net.minecraftforge.gradle.GradleStartCommon$GradleStartTweaker]
[04:23:30] [main/INFO] [LaunchWrapper]: Loading tweak class name cpw.mods.fml.common.launcher.FMLTweaker
[04:23:30] [main/INFO] [LaunchWrapper]: Using primary tweak class name cpw.mods.fml.common.launcher.FMLTweaker
[04:23:30] [main/INFO] [LaunchWrapper]: Loading tweak class name net.minecraftforge.gradle.GradleStartCommon$GradleStartTweaker
[04:23:30] [main/INFO] [LaunchWrapper]: Calling tweak class cpw.mods.fml.common.launcher.FMLTweaker
[04:27:13] [main/INFO] [GradleStart]: Extra: []
[04:27:13] [main/INFO] [GradleStart]: Running with arguments: [--userProperties, {}, --assetsDir, /home/kpatel/.gradle/caches/minecraft/assets, --assetIndex, 1.7.10, --accessToken, {REDACTED}, --version, 1.7.10, --tweakClass, cpw.mods.fml.common.launcher.FMLTweaker, --tweakClass, net.minecraftforge.gradle.GradleStartCommon$GradleStartTweaker]
[04:27:13] [main/INFO] [LaunchWrapper]: Loading tweak class name cpw.mods.fml.common.launcher.FMLTweaker
[04:27:13] [main/INFO] [LaunchWrapper]: Using primary tweak class name cpw.mods.fml.common.launcher.FMLTweaker
[04:27:13] [main/INFO] [LaunchWrapper]: Loading tweak class name net.minecraftforge.gradle.GradleStartCommon$GradleStartTweaker
[04:27:13] [main/INFO] [LaunchWrapper]: Calling tweak class cpw.mods.fml.common.launcher.FMLTweaker
[04:29:07] [main/INFO] [GradleStart]: Extra: []
[04:29:07] [main/INFO] [GradleStart]: Running with arguments: [--userProperties, {}, --assetsDir, /home/kpatel/.gradle/caches/minecraft/assets, --assetIndex, 1.7.10, --accessToken, {REDACTED}, --version, 1.7.10, --tweakClass, cpw.mods.fml.common.launcher.FMLTweaker, --tweakClass, net.minecraftforge.gradle.GradleStartCommon$GradleStartTweaker]
[04:29:07] [main/INFO] [LaunchWrapper]: Loading tweak class name cpw.mods.fml.common.launcher.FMLTweaker
[04:29:07] [main/INFO] [LaunchWrapper]: Using primary tweak class name cpw.mods.fml.common.launcher.FMLTweaker
[04:29:07] [main/INFO] [LaunchWrapper]: Loading tweak class name net.minecraftforge.gradle.GradleStartCommon$GradleStartTweaker
[04:29:07] [main/INFO] [LaunchWrapper]: Calling tweak class cpw.mods.fml.common.launcher.FMLTweaker
[04:33:03] [main/INFO] [GradleStart]: Extra: []
[04:33:04] [main/INFO] [GradleStart]: Running with arguments: [--userProperties, {}, --assetsDir, /home/kpatel/.gradle/caches/minecraft/assets, --assetIndex, 1.7.10, --accessToken, {REDACTED}, --version, 1.7.10, --tweakClass, cpw.mods.fml.common.launcher.FMLTweaker, --tweakClass, net.minecraftforge.gradle.GradleStartCommon$GradleStartTweaker]
[04:33:04] [main/INFO] [LaunchWrapper]: Loading tweak class name cpw.mods.fml.common.launcher.FMLTweaker
[04:33:04] [main/INFO] [LaunchWrapper]: Using primary tweak class name cpw.mods.fml.common.launcher.FMLTweaker
[04:33:04] [main/INFO] [LaunchWrapper]: Loading tweak class name net.minecraftforge.gradle.GradleStartCommon$GradleStartTweaker
[04:33:04] [main/INFO] [LaunchWrapper]: Calling tweak class cpw.mods.fml.common.launcher.FMLTweaker
[04:35:16] [main/INFO] [GradleStart]: Extra: []
[04:35:16] [main/INFO] [GradleStart]: Running with arguments: [--userProperties, {}, --assetsDir, /home/kpatel/.gradle/caches/minecraft/assets, --assetIndex, 1.7.10, --accessToken, {REDACTED}, --version, 1.7.10, --tweakClass, cpw.mods.fml.common.launcher.FMLTweaker, --tweakClass, net.minecraftforge.gradle.GradleStartCommon$GradleStartTweaker]
[04:35:16] [main/INFO] [LaunchWrapper]: Loading tweak class name cpw.mods.fml.common.launcher.FMLTweaker
[04:35:16] [main/INFO] [LaunchWrapper]: Using primary tweak class name cpw.mods.fml.common.launcher.FMLTweaker
[04:35:16] [main/INFO] [LaunchWrapper]: Loading tweak class name net.minecraftforge.gradle.GradleStartCommon$GradleStartTweaker
[04:35:16] [main/INFO] [LaunchWrapper]: Calling tweak class cpw.mods.fml.common.launcher.FMLTweaker
[04:56:13] [main/INFO] [GradleStart]: Extra: []
[04:56:13] [main/INFO] [GradleStart]: Running with arguments: [--userProperties, {}, --assetsDir, /home/kpatel/.gradle/caches/minecraft/assets, --assetIndex, 1.7.10, --accessToken, {REDACTED}, --version, 1.7.10, --tweakClass, cpw.mods.fml.common.launcher.FMLTweaker, --tweakClass, net.minecraftforge.gradle.GradleStartCommon$GradleStartTweaker]
[04:56:13] [main/INFO] [LaunchWrapper]: Loading tweak class name cpw.mods.fml.common.launcher.FMLTweaker
[04:56:13] [main/INFO] [LaunchWrapper]: Using primary tweak class name cpw.mods.fml.common.launcher.FMLTweaker
[04:56:13] [main/INFO] [LaunchWrapper]: Loading tweak class name net.minecraftforge.gradle.GradleStartCommon$GradleStartTweaker
[04:56:13] [main/INFO] [LaunchWrapper]: Calling tweak class cpw.mods.fml.common.launcher.FMLTweaker
[04:57:23] [main/INFO] [GradleStart]: Extra: []
[04:57:23] [main/INFO] [GradleStart]: Running with arguments: [--userProperties, {}, --assetsDir, /home/kpatel/.gradle/caches/minecraft/assets, --assetIndex, 1.7.10, --accessToken, {REDACTED}, --version, 1.7.10, --tweakClass, cpw.mods.fml.common.launcher.FMLTweaker, --tweakClass, net.minecraftforge.gradle.GradleStartCommon$GradleStartTweaker]
[04:57:23] [main/INFO] [LaunchWrapper]: Loading tweak class name cpw.mods.fml.common.launcher.FMLTweaker
[04:57:23] [main/INFO] [LaunchWrapper]: Using primary tweak class name cpw.mods.fml.common.launcher.FMLTweaker
[04:57:23] [main/INFO] [LaunchWrapper]: Loading tweak class name net.minecraftforge.gradle.GradleStartCommon$GradleStartTweaker
[04:57:23] [main/INFO] [LaunchWrapper]: Calling tweak class cpw.mods.fml.common.launcher.FMLTweaker
[04:58:34] [main/INFO] [GradleStart]: Extra: []
[04:58:34] [main/INFO] [GradleStart]: Running with arguments: [--userProperties, {}, --assetsDir, /home/kpatel/.gradle/caches/minecraft/assets, --assetIndex, 1.7.10, --accessToken, {REDACTED}, --version, 1.7.10, --tweakClass, cpw.mods.fml.common.launcher.FMLTweaker, --tweakClass, net.minecraftforge.gradle.GradleStartCommon$GradleStartTweaker]
[04:58:34] [main/INFO] [LaunchWrapper]: Loading tweak class name cpw.mods.fml.common.launcher.FMLTweaker
[04:58:34] [main/INFO] [LaunchWrapper]: Using primary tweak class name cpw.mods.fml.common.launcher.FMLTweaker
[04:58:34] [main/INFO] [LaunchWrapper]: Loading tweak class name net.minecraftforge.gradle.GradleStartCommon$GradleStartTweaker
[04:58:34] [main/INFO] [LaunchWrapper]: Calling tweak class cpw.mods.fml.common.launcher.FMLTweaker
[04:59:30] [main/INFO] [GradleStart]: Extra: []
[04:59:30] [main/INFO] [GradleStart]: Running with arguments: [--userProperties, {}, --assetsDir, /home/kpatel/.gradle/caches/minecraft/assets, --assetIndex, 1.7.10, --accessToken, {REDACTED}, --version, 1.7.10, --tweakClass, cpw.mods.fml.common.launcher.FMLTweaker, --tweakClass, net.minecraftforge.gradle.GradleStartCommon$GradleStartTweaker]
[04:59:30] [main/INFO] [LaunchWrapper]: Loading tweak class name cpw.mods.fml.common.launcher.FMLTweaker
[04:59:30] [main/INFO] [LaunchWrapper]: Using primary tweak class name cpw.mods.fml.common.launcher.FMLTweaker
[04:59:30] [main/INFO] [LaunchWrapper]: Loading tweak class name net.minecraftforge.gradle.GradleStartCommon$GradleStartTweaker
[04:59:30] [main/INFO] [LaunchWrapper]: Calling tweak class cpw.mods.fml.common.launcher.FMLTweaker
[06:11:38] [main/INFO] [GradleStart]: Extra: []
[06:11:39] [main/INFO] [GradleStart]: Running with arguments: [--userProperties, {}, --assetsDir, /home/kpatel/.gradle/caches/minecraft/assets, --assetIndex, 1.7.10, --accessToken, {REDACTED}, --version, 1.7.10, --tweakClass, cpw.mods.fml.common.launcher.FMLTweaker, --tweakClass, net.minecraftforge.gradle.GradleStartCommon$GradleStartTweaker]
[06:11:39] [main/INFO] [LaunchWrapper]: Loading tweak class name cpw.mods.fml.common.launcher.FMLTweaker
[06:11:39] [main/INFO] [LaunchWrapper]: Using primary tweak class name cpw.mods.fml.common.launcher.FMLTweaker
[06:11:39] [main/INFO] [LaunchWrapper]: Loading tweak class name net.minecraftforge.gradle.GradleStartCommon$GradleStartTweaker
[06:11:39] [main/INFO] [LaunchWrapper]: Calling tweak class cpw.mods.fml.common.launcher.FMLTweaker
[06:12:44] [main/INFO] [GradleStart]: Extra: []
[06:12:44] [main/INFO] [GradleStart]: Running with arguments: [--userProperties, {}, --assetsDir, /home/kpatel/.gradle/caches/minecraft/assets, --assetIndex, 1.7.10, --accessToken, {REDACTED}, --version, 1.7.10, --tweakClass, cpw.mods.fml.common.launcher.FMLTweaker, --tweakClass, net.minecraftforge.gradle.GradleStartCommon$GradleStartTweaker]
[06:12:45] [main/INFO] [LaunchWrapper]: Loading tweak class name cpw.mods.fml.common.launcher.FMLTweaker
[06:12:45] [main/INFO] [LaunchWrapper]: Using primary tweak class name cpw.mods.fml.common.launcher.FMLTweaker
[06:12:45] [main/INFO] [LaunchWrapper]: Loading tweak class name net.minecraftforge.gradle.GradleStartCommon$GradleStartTweaker
[06:12:45] [main/INFO] [LaunchWrapper]: Calling tweak class cpw.mods.fml.common.launcher.FMLTweaker
[06:15:38] [main/INFO] [GradleStart]: Extra: []
[06:15:38] [main/INFO] [GradleStart]: Running with arguments: [--userProperties, {}, --assetsDir, /home/kpatel/.gradle/caches/minecraft/assets, --assetIndex, 1.7.10, --accessToken, {REDACTED}, --version, 1.7.10, --tweakClass, cpw.mods.fml.common.launcher.FMLTweaker, --tweakClass, net.minecraftforge.gradle.GradleStartCommon$GradleStartTweaker]
[06:15:38] [main/INFO] [LaunchWrapper]: Loading tweak class name cpw.mods.fml.common.launcher.FMLTweaker
[06:15:38] [main/INFO] [LaunchWrapper]: Using primary tweak class name cpw.mods.fml.common.launcher.FMLTweaker
[06:15:38] [main/INFO] [LaunchWrapper]: Loading tweak class name net.minecraftforge.gradle.GradleStartCommon$GradleStartTweaker
[06:15:38] [main/INFO] [LaunchWrapper]: Calling tweak class cpw.mods.fml.common.launcher.FMLTweaker
[06:18:35] [main/INFO] [GradleStart]: Extra: []
[06:18:35] [main/INFO] [GradleStart]: Running with arguments: [--userProperties, {}, --assetsDir, /home/kpatel/.gradle/caches/minecraft/assets, --assetIndex, 1.7.10, --accessToken, {REDACTED}, --version, 1.7.10, --tweakClass, cpw.mods.fml.common.launcher.FMLTweaker, --tweakClass, net.minecraftforge.gradle.GradleStartCommon$GradleStartTweaker]
[06:18:35] [main/INFO] [LaunchWrapper]: Loading tweak class name cpw.mods.fml.common.launcher.FMLTweaker
[06:18:35] [main/INFO] [LaunchWrapper]: Using primary tweak class name cpw.mods.fml.common.launcher.FMLTweaker
[06:18:35] [main/INFO] [LaunchWrapper]: Loading tweak class name net.minecraftforge.gradle.GradleStartCommon$GradleStartTweaker
[06:18:35] [main/INFO] [LaunchWrapper]: Calling tweak class cpw.mods.fml.common.launcher.FMLTweaker
[06:22:38] [main/INFO] [GradleStart]: Extra: []
[06:22:38] [main/INFO] [GradleStart]: Running with arguments: [--userProperties, {}, --assetsDir, /home/kpatel/.gradle/caches/minecraft/assets, --assetIndex, 1.7.10, --accessToken, {REDACTED}, --version, 1.7.10, --tweakClass, cpw.mods.fml.common.launcher.FMLTweaker, --tweakClass, net.minecraftforge.gradle.GradleStartCommon$GradleStartTweaker]
[06:22:38] [main/INFO] [LaunchWrapper]: Loading tweak class name cpw.mods.fml.common.launcher.FMLTweaker
[06:22:38] [main/INFO] [LaunchWrapper]: Using primary tweak class name cpw.mods.fml.common.launcher.FMLTweaker
[06:22:38] [main/INFO] [LaunchWrapper]: Loading tweak class name net.minecraftforge.gradle.GradleStartCommon$GradleStartTweaker
[06:22:38] [main/INFO] [LaunchWrapper]: Calling tweak class cpw.mods.fml.common.launcher.FMLTweaker
[06:25:16] [main/INFO] [GradleStart]: Extra: []
[06:25:17] [main/INFO] [GradleStart]: Running with arguments: [--userProperties, {}, --assetsDir, /home/kpatel/.gradle/caches/minecraft/assets, --assetIndex, 1.7.10, --accessToken, {REDACTED}, --version, 1.7.10, --tweakClass, cpw.mods.fml.common.launcher.FMLTweaker, --tweakClass, net.minecraftforge.gradle.GradleStartCommon$GradleStartTweaker]
[06:25:17] [main/INFO] [LaunchWrapper]: Loading tweak class name cpw.mods.fml.common.launcher.FMLTweaker
[06:25:17] [main/INFO] [LaunchWrapper]: Using primary tweak class name cpw.mods.fml.common.launcher.FMLTweaker
[06:25:17] [main/INFO] [LaunchWrapper]: Loading tweak class name net.minecraftforge.gradle.GradleStartCommon$GradleStartTweaker
[06:25:17] [main/INFO] [LaunchWrapper]: Calling tweak class cpw.mods.fml.common.launcher.FMLTweaker
[06:40:32] [main/INFO] [GradleStart]: Extra: []
[06:40:32] [main/INFO] [GradleStart]: Running with arguments: [--userProperties, {}, --assetsDir, /home/kpatel/.gradle/caches/minecraft/assets, --assetIndex, 1.7.10, --accessToken, {REDACTED}, --version, 1.7.10, --tweakClass, cpw.mods.fml.common.launcher.FMLTweaker, --tweakClass, net.minecraftforge.gradle.GradleStartCommon$GradleStartTweaker]
[06:40:32] [main/INFO] [LaunchWrapper]: Loading tweak class name cpw.mods.fml.common.launcher.FMLTweaker
[06:40:33] [main/INFO] [LaunchWrapper]: Using primary tweak class name cpw.mods.fml.common.launcher.FMLTweaker
[06:40:33] [main/INFO] [LaunchWrapper]: Loading tweak class name net.minecraftforge.gradle.GradleStartCommon$GradleStartTweaker
[06:40:33] [main/INFO] [LaunchWrapper]: Calling tweak class cpw.mods.fml.common.launcher.FMLTweaker
[06:49:47] [main/INFO] [GradleStart]: Extra: []
[06:49:47] [main/INFO] [GradleStart]: Running with arguments: [--userProperties, {}, --assetsDir, /home/kpatel/.gradle/caches/minecraft/assets, --assetIndex, 1.7.10, --accessToken, {REDACTED}, --version, 1.7.10, --tweakClass, cpw.mods.fml.common.launcher.FMLTweaker, --tweakClass, net.minecraftforge.gradle.GradleStartCommon$GradleStartTweaker]
[06:49:47] [main/INFO] [LaunchWrapper]: Loading tweak class name cpw.mods.fml.common.launcher.FMLTweaker
[06:49:47] [main/INFO] [LaunchWrapper]: Using primary tweak class name cpw.mods.fml.common.launcher.FMLTweaker
[06:49:47] [main/INFO] [LaunchWrapper]: Loading tweak class name net.minecraftforge.gradle.GradleStartCommon$GradleStartTweaker
[06:49:47] [main/INFO] [LaunchWrapper]: Calling tweak class cpw.mods.fml.common.launcher.FMLTweaker
[06:52:35] [main/INFO] [GradleStart]: Extra: []
[06:52:35] [main/INFO] [GradleStart]: Running with arguments: [--userProperties, {}, --assetsDir, /home/kpatel/.gradle/caches/minecraft/assets, --assetIndex, 1.7.10, --accessToken, {REDACTED}, --version, 1.7.10, --tweakClass, cpw.mods.fml.common.launcher.FMLTweaker, --tweakClass, net.minecraftforge.gradle.GradleStartCommon$GradleStartTweaker]
[06:52:35] [main/INFO] [LaunchWrapper]: Loading tweak class name cpw.mods.fml.common.launcher.FMLTweaker
[06:52:35] [main/INFO] [LaunchWrapper]: Using primary tweak class name cpw.mods.fml.common.launcher.FMLTweaker
[06:52:35] [main/INFO] [LaunchWrapper]: Loading tweak class name net.minecraftforge.gradle.GradleStartCommon$GradleStartTweaker
[06:52:35] [main/INFO] [LaunchWrapper]: Calling tweak class cpw.mods.fml.common.launcher.FMLTweaker
[06:56:35] [main/INFO] [GradleStart]: Extra: []
[06:56:35] [main/INFO] [GradleStart]: Running with arguments: [--userProperties, {}, --assetsDir, /home/kpatel/.gradle/caches/minecraft/assets, --assetIndex, 1.7.10, --accessToken, {REDACTED}, --version, 1.7.10, --tweakClass, cpw.mods.fml.common.launcher.FMLTweaker, --tweakClass, net.minecraftforge.gradle.GradleStartCommon$GradleStartTweaker]
[06:56:35] [main/INFO] [LaunchWrapper]: Loading tweak class name cpw.mods.fml.common.launcher.FMLTweaker
[06:56:35] [main/INFO] [LaunchWrapper]: Using primary tweak class name cpw.mods.fml.common.launcher.FMLTweaker
[06:56:35] [main/INFO] [LaunchWrapper]: Loading tweak class name net.minecraftforge.gradle.GradleStartCommon$GradleStartTweaker
[06:56:35] [main/INFO] [LaunchWrapper]: Calling tweak class cpw.mods.fml.common.launcher.FMLTweaker
[08:17:20] [main/INFO] [GradleStart]: Extra: []
[08:17:20] [main/INFO] [GradleStart]: Running with arguments: [--userProperties, {}, --assetsDir, /home/kpatel/.gradle/caches/minecraft/assets, --assetIndex, 1.7.10, --accessToken, {REDACTED}, --version, 1.7.10, --tweakClass, cpw.mods.fml.common.launcher.FMLTweaker, --tweakClass, net.minecraftforge.gradle.GradleStartCommon$GradleStartTweaker]
[08:17:20] [main/INFO] [LaunchWrapper]: Loading tweak class name cpw.mods.fml.common.launcher.FMLTweaker
[08:17:20] [main/INFO] [LaunchWrapper]: Using primary tweak class name cpw.mods.fml.common.launcher.FMLTweaker
[08:17:20] [main/INFO] [LaunchWrapper]: Loading tweak class name net.minecraftforge.gradle.GradleStartCommon$GradleStartTweaker
[08:17:20] [main/INFO] [LaunchWrapper]: Calling tweak class cpw.mods.fml.common.launcher.FMLTweaker
[08:31:09] [main/INFO] [GradleStart]: Extra: []
[08:31:09] [main/INFO] [GradleStart]: Running with arguments: [--userProperties, {}, --assetsDir, /home/kpatel/.gradle/caches/minecraft/assets, --assetIndex, 1.7.10, --accessToken, {REDACTED}, --version, 1.7.10, --tweakClass, cpw.mods.fml.common.launcher.FMLTweaker, --tweakClass, net.minecraftforge.gradle.GradleStartCommon$GradleStartTweaker]
[08:31:09] [main/INFO] [LaunchWrapper]: Loading tweak class name cpw.mods.fml.common.launcher.FMLTweaker
[08:31:09] [main/INFO] [LaunchWrapper]: Using primary tweak class name cpw.mods.fml.common.launcher.FMLTweaker
[08:31:09] [main/INFO] [LaunchWrapper]: Loading tweak class name net.minecraftforge.gradle.GradleStartCommon$GradleStartTweaker
[08:31:09] [main/INFO] [LaunchWrapper]: Calling tweak class cpw.mods.fml.common.launcher.FMLTweaker
[08:34:23] [main/INFO] [GradleStart]: Extra: []
[08:34:24] [main/INFO] [GradleStart]: Running with arguments: [--userProperties, {}, --assetsDir, /home/kpatel/.gradle/caches/minecraft/assets, --assetIndex, 1.7.10, --accessToken, {REDACTED}, --version, 1.7.10, --tweakClass, cpw.mods.fml.common.launcher.FMLTweaker, --tweakClass, net.minecraftforge.gradle.GradleStartCommon$GradleStartTweaker]
[08:34:24] [main/INFO] [LaunchWrapper]: Loading tweak class name cpw.mods.fml.common.launcher.FMLTweaker
[08:34:24] [main/INFO] [LaunchWrapper]: Using primary tweak class name cpw.mods.fml.common.launcher.FMLTweaker
[08:34:24] [main/INFO] [LaunchWrapper]: Loading tweak class name net.minecraftforge.gradle.GradleStartCommon$GradleStartTweaker
[08:34:24] [main/INFO] [LaunchWrapper]: Calling tweak class cpw.mods.fml.common.launcher.FMLTweaker
[09:30:38] [main/INFO] [GradleStart]: Extra: []
[09:30:38] [main/INFO] [GradleStart]: Running with arguments: [--userProperties, {}, --assetsDir, /home/kpatel/.gradle/caches/minecraft/assets, --assetIndex, 1.7.10, --accessToken, {REDACTED}, --version, 1.7.10, --tweakClass, cpw.mods.fml.common.launcher.FMLTweaker, --tweakClass, net.minecraftforge.gradle.GradleStartCommon$GradleStartTweaker]
[09:30:38] [main/INFO] [LaunchWrapper]: Loading tweak class name cpw.mods.fml.common.launcher.FMLTweaker
[09:30:38] [main/INFO] [LaunchWrapper]: Using primary tweak class name cpw.mods.fml.common.launcher.FMLTweaker
[09:30:38] [main/INFO] [LaunchWrapper]: Loading tweak class name net.minecraftforge.gradle.GradleStartCommon$GradleStartTweaker
[09:30:38] [main/INFO] [LaunchWrapper]: Calling tweak class cpw.mods.fml.common.launcher.FMLTweaker
[09:46:23] [main/INFO] [GradleStart]: Extra: []
[09:46:23] [main/INFO] [GradleStart]: Running with arguments: [--userProperties, {}, --assetsDir, /home/kpatel/.gradle/caches/minecraft/assets, --assetIndex, 1.7.10, --accessToken, {REDACTED}, --version, 1.7.10, --tweakClass, cpw.mods.fml.common.launcher.FMLTweaker, --tweakClass, net.minecraftforge.gradle.GradleStartCommon$GradleStartTweaker]
[09:46:23] [main/INFO] [LaunchWrapper]: Loading tweak class name cpw.mods.fml.common.launcher.FMLTweaker
[09:46:23] [main/INFO] [LaunchWrapper]: Using primary tweak class name cpw.mods.fml.common.launcher.FMLTweaker
[09:46:23] [main/INFO] [LaunchWrapper]: Loading tweak class name net.minecraftforge.gradle.GradleStartCommon$GradleStartTweaker
[09:46:23] [main/INFO] [LaunchWrapper]: Calling tweak class cpw.mods.fml.common.launcher.FMLTweaker
[09:55:49] [main/INFO] [GradleStart]: Extra: []
[09:55:50] [main/INFO] [GradleStart]: Running with arguments: [--userProperties, {}, --assetsDir, /home/kpatel/.gradle/caches/minecraft/assets, --assetIndex, 1.7.10, --accessToken, {REDACTED}, --version, 1.7.10, --tweakClass, cpw.mods.fml.common.launcher.FMLTweaker, --tweakClass, net.minecraftforge.gradle.GradleStartCommon$GradleStartTweaker]
[09:55:50] [main/INFO] [LaunchWrapper]: Loading tweak class name cpw.mods.fml.common.launcher.FMLTweaker
[09:55:50] [main/INFO] [LaunchWrapper]: Using primary tweak class name cpw.mods.fml.common.launcher.FMLTweaker
[09:55:50] [main/INFO] [LaunchWrapper]: Loading tweak class name net.minecraftforge.gradle.GradleStartCommon$GradleStartTweaker
[09:55:50] [main/INFO] [LaunchWrapper]: Calling tweak class cpw.mods.fml.common.launcher.FMLTweaker
[11:22:43] [main/INFO] [GradleStart]: Extra: []
[11:22:44] [main/INFO] [GradleStart]: Running with arguments: [--userProperties, {}, --assetsDir, /home/kpatel/.gradle/caches/minecraft/assets, --assetIndex, 1.7.10, --accessToken, {REDACTED}, --version, 1.7.10, --tweakClass, cpw.mods.fml.common.launcher.FMLTweaker, --tweakClass, net.minecraftforge.gradle.GradleStartCommon$GradleStartTweaker]
[11:22:44] [main/INFO] [LaunchWrapper]: Loading tweak class name cpw.mods.fml.common.launcher.FMLTweaker
[11:22:44] [main/INFO] [LaunchWrapper]: Using primary tweak class name cpw.mods.fml.common.launcher.FMLTweaker
[11:22:44] [main/INFO] [LaunchWrapper]: Loading tweak class name net.minecraftforge.gradle.GradleStartCommon$GradleStartTweaker
[11:22:44] [main/INFO] [LaunchWrapper]: Calling tweak class cpw.mods.fml.common.launcher.FMLTweaker
[03:02:50] [main/INFO] [GradleStart]: Extra: []
[03:02:50] [main/INFO] [GradleStart]: Running with arguments: [--userProperties, {}, --assetsDir, /home/kpatel/.gradle/caches/minecraft/assets, --assetIndex, 1.7.10, --accessToken, {REDACTED}, --version, 1.7.10, --tweakClass, cpw.mods.fml.common.launcher.FMLTweaker, --tweakClass, net.minecraftforge.gradle.GradleStartCommon$GradleStartTweaker]
[03:02:50] [main/INFO] [LaunchWrapper]: Loading tweak class name cpw.mods.fml.common.launcher.FMLTweaker
[03:02:50] [main/INFO] [LaunchWrapper]: Using primary tweak class name cpw.mods.fml.common.launcher.FMLTweaker
[03:02:50] [main/INFO] [LaunchWrapper]: Loading tweak class name net.minecraftforge.gradle.GradleStartCommon$GradleStartTweaker
[03:02:50] [main/INFO] [LaunchWrapper]: Calling tweak class cpw.mods.fml.common.launcher.FMLTweaker
[03:25:46] [main/INFO] [GradleStart]: Extra: []
[03:25:46] [main/INFO] [GradleStart]: Running with arguments: [--userProperties, {}, --assetsDir, /home/kpatel/.gradle/caches/minecraft/assets, --assetIndex, 1.7.10, --accessToken, {REDACTED}, --version, 1.7.10, --tweakClass, cpw.mods.fml.common.launcher.FMLTweaker, --tweakClass, net.minecraftforge.gradle.GradleStartCommon$GradleStartTweaker]
[03:25:46] [main/INFO] [LaunchWrapper]: Loading tweak class name cpw.mods.fml.common.launcher.FMLTweaker
[03:25:46] [main/INFO] [LaunchWrapper]: Using primary tweak class name cpw.mods.fml.common.launcher.FMLTweaker
[03:25:46] [main/INFO] [LaunchWrapper]: Loading tweak class name net.minecraftforge.gradle.GradleStartCommon$GradleStartTweaker
[03:25:46] [main/INFO] [LaunchWrapper]: Calling tweak class cpw.mods.fml.common.launcher.FMLTweaker
[03:45:07] [main/INFO] [GradleStart]: Extra: []
[03:45:07] [main/INFO] [GradleStart]: Running with arguments: [--userProperties, {}, --assetsDir, /home/kpatel/.gradle/caches/minecraft/assets, --assetIndex, 1.7.10, --accessToken, {REDACTED}, --version, 1.7.10, --tweakClass, cpw.mods.fml.common.launcher.FMLTweaker, --tweakClass, net.minecraftforge.gradle.GradleStartCommon$GradleStartTweaker]
[03:45:07] [main/INFO] [LaunchWrapper]: Loading tweak class name cpw.mods.fml.common.launcher.FMLTweaker
[03:45:07] [main/INFO] [LaunchWrapper]: Using primary tweak class name cpw.mods.fml.common.launcher.FMLTweaker
[03:45:07] [main/INFO] [LaunchWrapper]: Loading tweak class name net.minecraftforge.gradle.GradleStartCommon$GradleStartTweaker
[03:45:07] [main/INFO] [LaunchWrapper]: Calling tweak class cpw.mods.fml.common.launcher.FMLTweaker
[03:50:44] [main/INFO] [GradleStart]: Extra: []
[03:50:44] [main/INFO] [GradleStart]: Running with arguments: [--userProperties, {}, --assetsDir, /home/kpatel/.gradle/caches/minecraft/assets, --assetIndex, 1.7.10, --accessToken, {REDACTED}, --version, 1.7.10, --tweakClass, cpw.mods.fml.common.launcher.FMLTweaker, --tweakClass, net.minecraftforge.gradle.GradleStartCommon$GradleStartTweaker]
[03:50:45] [main/INFO] [LaunchWrapper]: Loading tweak class name cpw.mods.fml.common.launcher.FMLTweaker
[03:50:45] [main/INFO] [LaunchWrapper]: Using primary tweak class name cpw.mods.fml.common.launcher.FMLTweaker
[03:50:45] [main/INFO] [LaunchWrapper]: Loading tweak class name net.minecraftforge.gradle.GradleStartCommon$GradleStartTweaker
[03:50:45] [main/INFO] [LaunchWrapper]: Calling tweak class cpw.mods.fml.common.launcher.FMLTweaker
[05:03:19] [main/INFO] [GradleStart]: Extra: []
[05:03:19] [main/INFO] [GradleStart]: Running with arguments: [--userProperties, {}, --assetsDir, /home/kpatel/.gradle/caches/minecraft/assets, --assetIndex, 1.7.10, --accessToken, {REDACTED}, --version, 1.7.10, --tweakClass, cpw.mods.fml.common.launcher.FMLTweaker, --tweakClass, net.minecraftforge.gradle.GradleStartCommon$GradleStartTweaker]
[05:03:19] [main/INFO] [LaunchWrapper]: Loading tweak class name cpw.mods.fml.common.launcher.FMLTweaker
[05:03:19] [main/INFO] [LaunchWrapper]: Using primary tweak class name cpw.mods.fml.common.launcher.FMLTweaker
[05:03:19] [main/INFO] [LaunchWrapper]: Loading tweak class name net.minecraftforge.gradle.GradleStartCommon$GradleStartTweaker
[05:03:19] [main/INFO] [LaunchWrapper]: Calling tweak class cpw.mods.fml.common.launcher.FMLTweaker
[05:09:24] [main/INFO] [GradleStart]: Extra: []
[05:09:24] [main/INFO] [GradleStart]: Running with arguments: [--userProperties, {}, --assetsDir, /home/kpatel/.gradle/caches/minecraft/assets, --assetIndex, 1.7.10, --accessToken, {REDACTED}, --version, 1.7.10, --tweakClass, cpw.mods.fml.common.launcher.FMLTweaker, --tweakClass, net.minecraftforge.gradle.GradleStartCommon$GradleStartTweaker]
[05:09:24] [main/INFO] [LaunchWrapper]: Loading tweak class name cpw.mods.fml.common.launcher.FMLTweaker
[05:09:24] [main/INFO] [LaunchWrapper]: Using primary tweak class name cpw.mods.fml.common.launcher.FMLTweaker
[05:09:24] [main/INFO] [LaunchWrapper]: Loading tweak class name net.minecraftforge.gradle.GradleStartCommon$GradleStartTweaker
[05:09:24] [main/INFO] [LaunchWrapper]: Calling tweak class cpw.mods.fml.common.launcher.FMLTweaker
[05:11:36] [main/INFO] [GradleStart]: Extra: []
[05:11:37] [main/INFO] [GradleStart]: Running with arguments: [--userProperties, {}, --assetsDir, /home/kpatel/.gradle/caches/minecraft/assets, --assetIndex, 1.7.10, --accessToken, {REDACTED}, --version, 1.7.10, --tweakClass, cpw.mods.fml.common.launcher.FMLTweaker, --tweakClass, net.minecraftforge.gradle.GradleStartCommon$GradleStartTweaker]
[05:11:37] [main/INFO] [LaunchWrapper]: Loading tweak class name cpw.mods.fml.common.launcher.FMLTweaker
[05:11:37] [main/INFO] [LaunchWrapper]: Using primary tweak class name cpw.mods.fml.common.launcher.FMLTweaker
[05:11:37] [main/INFO] [LaunchWrapper]: Loading tweak class name net.minecraftforge.gradle.GradleStartCommon$GradleStartTweaker
[05:11:37] [main/INFO] [LaunchWrapper]: Calling tweak class cpw.mods.fml.common.launcher.FMLTweaker
[05:18:46] [main/INFO] [GradleStart]: Extra: []
[05:18:46] [main/INFO] [GradleStart]: Running with arguments: [--userProperties, {}, --assetsDir, /home/kpatel/.gradle/caches/minecraft/assets, --assetIndex, 1.7.10, --accessToken, {REDACTED}, --version, 1.7.10, --tweakClass, cpw.mods.fml.common.launcher.FMLTweaker, --tweakClass, net.minecraftforge.gradle.GradleStartCommon$GradleStartTweaker]
[05:18:46] [main/INFO] [LaunchWrapper]: Loading tweak class name cpw.mods.fml.common.launcher.FMLTweaker
[05:18:46] [main/INFO] [LaunchWrapper]: Using primary tweak class name cpw.mods.fml.common.launcher.FMLTweaker
[05:18:46] [main/INFO] [LaunchWrapper]: Loading tweak class name net.minecraftforge.gradle.GradleStartCommon$GradleStartTweaker
[05:18:46] [main/INFO] [LaunchWrapper]: Calling tweak class cpw.mods.fml.common.launcher.FMLTweaker
[05:58:59] [main/INFO] [GradleStart]: Extra: []
[05:58:59] [main/INFO] [GradleStart]: Running with arguments: [--userProperties, {}, --assetsDir, /home/kpatel/.gradle/caches/minecraft/assets, --assetIndex, 1.7.10, --accessToken, {REDACTED}, --version, 1.7.10, --tweakClass, cpw.mods.fml.common.launcher.FMLTweaker, --tweakClass, net.minecraftforge.gradle.GradleStartCommon$GradleStartTweaker]
[05:58:59] [main/INFO] [LaunchWrapper]: Loading tweak class name cpw.mods.fml.common.launcher.FMLTweaker
[05:58:59] [main/INFO] [LaunchWrapper]: Using primary tweak class name cpw.mods.fml.common.launcher.FMLTweaker
[05:58:59] [main/INFO] [LaunchWrapper]: Loading tweak class name net.minecraftforge.gradle.GradleStartCommon$GradleStartTweaker
[05:58:59] [main/INFO] [LaunchWrapper]: Calling tweak class cpw.mods.fml.common.launcher.FMLTweaker
